# JRE version: OpenJDK Runtime Environment (17.0.1+12) (build 17.0.1+12-39)
# Java VM: OpenJDK 64-Bit Server VM (17.0.1+12-39, mixed mode, sharing, tiered, compressed oops, compressed class ptrs, g1 gc, windows-amd64)
GC Precious Log:
 CPUs: 12 total, 12 available
 Memory: 15741M
 Large Page Support: Disabled
 NUMA Support: Disabled
 Compressed Oops: Enabled (32-bit)
 Heap Region Size: 1M
 Heap Min Capacity: 256M
 Heap Initial Capacity: 256M
 Heap Max Capacity: 512M
 Pre-touch: Disabled
 Parallel Workers: 10
 Concurrent Workers: 3
 Concurrent Refinement Workers: 10
 Periodic GC: Disabled
Heap:
 garbage-first heap   total 262144K, used 182500K [0x00000000e0000000, 0x0000000100000000)
  region size 1024K, 145 young (148480K), 1 survivors (1024K)
 Metaspace       used 49775K, committed 50368K, reserved 262144K
  class space    used 6937K, committed 7232K, reserved 212992K
GC Heap History (12 events):
Event: 0.584 GC heap before
{Heap before GC invocations=0 (full 0):
 garbage-first heap   total 262144K, used 28672K [0x00000000e0000000, 0x0000000100000000)
  region size 1024K, 23 young (23552K), 0 survivors (0K)
 Metaspace       used 2986K, committed 3136K, reserved 221184K
  class space    used 380K, committed 448K, reserved 212992K
}
Event: 0.589 GC heap after
{Heap after GC invocations=1 (full 0):
 garbage-first heap   total 262144K, used 9183K [0x00000000e0000000, 0x0000000100000000)
  region size 1024K, 3 young (3072K), 3 survivors (3072K)
 Metaspace       used 2986K, committed 3136K, reserved 221184K
  class space    used 380K, committed 448K, reserved 212992K
}
Event: 0.891 GC heap before
{Heap before GC invocations=1 (full 0):
 garbage-first heap   total 262144K, used 38879K [0x00000000e0000000, 0x0000000100000000)
  region size 1024K, 31 young (31744K), 3 survivors (3072K)
 Metaspace       used 3892K, committed 4032K, reserved 221184K
  class space    used 475K, committed 576K, reserved 212992K
}
Event: 0.894 GC heap after
{Heap after GC invocations=2 (full 0):
 garbage-first heap   total 262144K, used 11547K [0x00000000e0000000, 0x0000000100000000)
  region size 1024K, 2 young (2048K), 2 survivors (2048K)
 Metaspace       used 3892K, committed 4032K, reserved 221184K
  class space    used 475K, committed 576K, reserved 212992K
}
Event: 2.911 GC heap before
{Heap before GC invocations=2 (full 0):
 garbage-first heap   total 262144K, used 121115K [0x00000000e0000000, 0x0000000100000000)
  region size 1024K, 111 young (113664K), 2 survivors (2048K)
 Metaspace       used 21315K, committed 21504K, reserved 237568K
  class space    used 3171K, committed 3264K, reserved 212992K
}
Event: 2.917 GC heap after
{Heap after GC invocations=3 (full 0):
 garbage-first heap   total 262144K, used 20645K [0x00000000e0000000, 0x0000000100000000)
  region size 1024K, 12 young (12288K), 12 survivors (12288K)
 Metaspace       used 21315K, committed 21504K, reserved 237568K
  class space    used 3171K, committed 3264K, reserved 212992K
}
Event: 4.503 GC heap before
{Heap before GC invocations=4 (full 0):
 garbage-first heap   total 262144K, used 129189K [0x00000000e0000000, 0x0000000100000000)
  region size 1024K, 117 young (119808K), 12 survivors (12288K)
 Metaspace       used 35719K, committed 36096K, reserved 245760K
  class space    used 4986K, committed 5184K, reserved 212992K
}
Event: 4.513 GC heap after
{Heap after GC invocations=5 (full 0):
 garbage-first heap   total 262144K, used 30287K [0x00000000e0000000, 0x0000000100000000)
  region size 1024K, 20 young (20480K), 20 survivors (20480K)
 Metaspace       used 35719K, committed 36096K, reserved 245760K
  class space    used 4986K, committed 5184K, reserved 212992K
}
Event: 4.525 GC heap before
{Heap before GC invocations=5 (full 0):
 garbage-first heap   total 262144K, used 31311K [0x00000000e0000000, 0x0000000100000000)
  region size 1024K, 21 young (21504K), 20 survivors (20480K)
 Metaspace       used 35884K, committed 36224K, reserved 245760K
  class space    used 5019K, committed 5184K, reserved 212992K
}
Event: 4.534 GC heap after
{Heap after GC invocations=6 (full 0):
 garbage-first heap   total 262144K, used 31825K [0x00000000e0000000, 0x0000000100000000)
  region size 1024K, 3 young (3072K), 3 survivors (3072K)
 Metaspace       used 35884K, committed 36224K, reserved 245760K
  class space    used 5019K, committed 5184K, reserved 212992K
}
Event: 4.548 GC heap before
{Heap before GC invocations=6 (full 0):
 garbage-first heap   total 262144K, used 31825K [0x00000000e0000000, 0x0000000100000000)
  region size 1024K, 4 young (4096K), 3 survivors (3072K)
 Metaspace       used 36037K, committed 36416K, reserved 245760K
  class space    used 5042K, committed 5248K, reserved 212992K
}
Event: 4.548 GC heap after
{Heap after GC invocations=7 (full 0):
 garbage-first heap   total 262144K, used 29924K [0x00000000e0000000, 0x0000000100000000)
  region size 1024K, 1 young (1024K), 1 survivors (1024K)
 Metaspace       used 36037K, committed 36416K, reserved 245760K
  class space    used 5042K, committed 5248K, reserved 212992K
}

